Сборка начата 08.12.2015 16:19:32.
     1>Проект "D:\Documents\GitHub\University-Projects\C++ Compiler\ТВПиС\ТВПиС.vcxproj" в узле 2 (целевые объекты Build).
     1>ClCompile:
         C:\Program Files (x86)\Microsoft Visual Studio 12.0\VC\bin\CL.exe /c /ZI /nologo /W3 /WX- /sdl /Od /Oy- /D WIN32 /D _DEBUG /D _CONSOLE /D _UNICODE /D UNICODE /Gm /EHsc /RTC1 /MDd /GS /fp:precise /Zc:wchar_t /Zc:forScope /Yu"stdafx.h" /Fp"Debug\ТВПиС.pch" /Fo"Debug\\" /Fd"Debug\vc120.pdb" /Gd /TP /analyze- /errorReport:prompt ASTBuilder.cpp Automat.cpp "ТВПиС.cpp"
         ASTBuilder.cpp
     1>d:\documents\github\university-projects\c++ compiler\твпис\tnode.h(6): warning C4067: непредвиденные лексемы за директивой препроцессора, требуется newline
     1>d:\documents\github\university-projects\c++ compiler\твпис\astbuilder.cpp(148): warning C4018: <: несоответствие типов со знаком и без знака
         Создание кода...
         Компиляция...
         ТВПиС.cpp
     1>d:\documents\github\university-projects\c++ compiler\твпис\tnode.h(6): warning C4067: непредвиденные лексемы за директивой препроцессора, требуется newline
     1>d:\documents\github\university-projects\c++ compiler\твпис\твпис.cpp(16): warning C4244: аргумент: преобразование "time_t" в "unsigned int", возможна потеря данных
         Automat.cpp
     1>d:\documents\github\university-projects\c++ compiler\твпис\automat.cpp(97): warning C4018: <: несоответствие типов со знаком и без знака
     1>d:\documents\github\university-projects\c++ compiler\твпис\automat.cpp(193): warning C4018: <: несоответствие типов со знаком и без знака
         Создание кода...
     1>d:\documents\github\university-projects\c++ compiler\твпис\automat.cpp(73): warning C4715: Automat::StrToToken: значение возвращается не при всех путях выполнения
     1>d:\documents\github\university-projects\c++ compiler\твпис\automat.cpp(232): warning C4715: Automat::StringParse: значение возвращается не при всех путях выполнения
       Link:
         C:\Program Files (x86)\Microsoft Visual Studio 12.0\VC\bin\link.exe /ERRORREPORT:PROMPT /OUT:"D:\Documents\GitHub\University-Projects\C++ Compiler\Debug\ТВПиС.exe" /INCREMENTAL /NOLOGO kernel32.lib user32.lib gdi32.lib winspool.lib comdlg32.lib advapi32.lib shell32.lib ole32.lib oleaut32.lib uuid.lib odbc32.lib odbccp32.lib /MANIFEST /MANIFESTUAC:"level='asInvoker' uiAccess='false'" /manifest:embed /DEBUG /PDB:"D:\Documents\GitHub\University-Projects\C++ Compiler\Debug\ТВПиС.pdb" /SUBSYSTEM:CONSOLE /TLBID:1 /DYNAMICBASE /NXCOMPAT /IMPLIB:"D:\Documents\GitHub\University-Projects\C++ Compiler\Debug\ТВПиС.lib" /MACHINE:X86 Debug\ASTBuilder.obj
         Debug\Automat.obj
         Debug\BinaryOperationList.obj
         Debug\Exception.obj
         Debug\FileReader.obj
         Debug\FileWritter.obj
         Debug\Hash.obj
         Debug\Heap.obj
         Debug\List.obj
         Debug\Parser.obj
         Debug\Scope.obj
         Debug\Segment.obj
         Debug\stdafx.obj
         Debug\TNode.obj
         Debug\TValue.obj
         Debug\TValueKeeper.obj
         Debug\TypeList.obj
         Debug\UnaryOperationList.obj
         Debug\VariableTable.obj
         "Debug\ТВПиС.obj"
         ТВПиС.vcxproj -> D:\Documents\GitHub\University-Projects\C++ Compiler\Debug\ТВПиС.exe
     1>Сборка проекта "D:\Documents\GitHub\University-Projects\C++ Compiler\ТВПиС\ТВПиС.vcxproj" завершена (целевые объекты Build).

Сборка успешно завершена.

Затраченное время: 00:00:02.85
